Location/app/build/intermediates/manifest_merge_blame_file/debug/manifest-merger-blame-debug-report.txt
1<?xml version="1.0" encoding="utf-8"?>
2<manifest xmlns:android="http://schemas.android.com/apk/res/android"
3    package="org.android.assignment.location"
4    android:versionCode="1"
5    android:versionName="1.0" >
6
7    <uses-sdk
8        android:minSdkVersion="15"
8-->src\main\AndroidManifest.xml
9        android:targetSdkVersion="22" />
9-->src\main\AndroidManifest.xml
10
11    <uses-permission android:name="android.permission.ACCESS_FINE_LOCATION" />
11-->src\main\AndroidManifest.xml:4:5-78
11-->src\main\AndroidManifest.xml:4:22-76
12
13    <application
13-->src\main\AndroidManifest.xml:5:5-19:19
14        android:allowBackup="true"
14-->src\main\AndroidManifest.xml:6:9-35
15        android:appComponentFactory="android.support.v4.app.CoreComponentFactory"
15-->[com.android.support:support-compat:28.0.0] AndroidManifest.xml:22:18-91
16        android:debuggable="true"
17        android:icon="@mipmap/ic_launcher"
17-->src\main\AndroidManifest.xml:7:9-43
18        android:label="@string/app_name"
18-->src\main\AndroidManifest.xml:8:9-41
19        android:roundIcon="@mipmap/ic_launcher_round"
19-->src\main\AndroidManifest.xml:9:9-54
20        android:supportsRtl="true"
20-->src\main\AndroidManifest.xml:10:9-35
21        android:testOnly="true"
22        android:theme="@style/AppTheme" >
22-->src\main\AndroidManifest.xml:11:9-40
23        <activity android:name="org.android.assignment.location.MainActivity" >
23-->src\main\AndroidManifest.xml:12:9-18:20
23-->src\main\AndroidManifest.xml:12:19-47
24            <intent-filter>
24-->src\main\AndroidManifest.xml:13:13-17:29
25                <action android:name="android.intent.action.MAIN" />
25-->src\main\AndroidManifest.xml:14:17-69
25-->src\main\AndroidManifest.xml:14:25-66
26
27                <category android:name="android.intent.category.LAUNCHER" />
27-->src\main\AndroidManifest.xml:16:17-77
27-->src\main\AndroidManifest.xml:16:27-74
28            </intent-filter>
29        </activity>
30    </application>
31
32</manifest>